Installed Packages
ModemManager.x86_64                         1.10.8-2.el8                       @anaconda  
ModemManager-glib.x86_64                    1.10.8-2.el8                       @anaconda  
NetworkManager.x86_64                       1:1.22.8-4.el8                     @anaconda  
NetworkManager-adsl.x86_64                  1:1.22.8-4.el8                     @anaconda  
NetworkManager-config-server.noarch         1:1.22.8-4.el8                     @anaconda  
NetworkManager-libnm.x86_64                 1:1.22.8-4.el8                     @anaconda  
NetworkManager-team.x86_64                  1:1.22.8-4.el8                     @anaconda  
NetworkManager-tui.x86_64                   1:1.22.8-4.el8                     @anaconda  
acl.x86_64                                  2.2.53-1.el8                       @anaconda  
adcli.x86_64                                0.8.2-5.el8                        @anaconda  
adobe-mappings-cmap.noarch                  20171205-3.el8                     @AppStream 
adobe-mappings-cmap-deprecated.noarch       20171205-3.el8                     @AppStream 
adobe-mappings-pdf.noarch                   20180407-1.el8                     @AppStream 
annobin.x86_64                              9.72-1.el8_5.2                     @AppStream 
asciidoc.noarch                             8.6.10-0.5.20180627gitf7c2274.el8  @AppStream 
at.x86_64                                   3.1.20-11.el8                      @anaconda  
atk.x86_64                                  2.28.1-1.el8                       @AppStream 
attr.x86_64                                 2.4.48-3.el8                       @anaconda  
audit.x86_64                                3.0-0.17.20191104git1c2f876.el8    @anaconda  
audit-libs.x86_64                           3.0-0.17.20191104git1c2f876.el8    @anaconda  
authselect.x86_64                           1.1-2.el8                          @anaconda  
authselect-libs.x86_64                      1.1-2.el8                          @anaconda  
autoconf.noarch                             2.69-29.el8                        @AppStream 
autofs.x86_64                               1:5.1.4-40.el8                     @anaconda  
automake.noarch                             1.16.1-7.el8                       @AppStream 
avahi.x86_64                                0.7-19.el8                         @anaconda  
avahi-libs.x86_64                           0.7-19.el8                         @anaconda  
basesystem.noarch                           11-5.el8                           @anaconda  
bash.x86_64                                 4.4.19-10.el8                      @anaconda  
bash-completion.noarch                      1:2.7-5.el8                        @anaconda  
bc.x86_64                                   1.07.1-5.el8                       @anaconda  
bind-export-libs.x86_64                     32:9.11.13-3.el8                   @anaconda  
binutils.x86_64                             2.30-108.el8_5.1                   @BaseOS    
biosdevname.x86_64                          0.7.3-2.el8                        @anaconda  
bison.x86_64                                3.0.4-10.el8                       @AppStream 
blktrace.x86_64                             1.2.0-10.el8                       @anaconda  
bolt.x86_64                                 0.8-2.el8                          @anaconda  
boost.x86_64                                1.66.0-10.el8                      @AppStream 
boost-atomic.x86_64                         1.66.0-10.el8                      @AppStream 
boost-chrono.x86_64                         1.66.0-10.el8                      @AppStream 
boost-container.x86_64                      1.66.0-10.el8                      @AppStream 
boost-context.x86_64                        1.66.0-10.el8                      @AppStream 
boost-coroutine.x86_64                      1.66.0-10.el8                      @AppStream 
boost-date-time.x86_64                      1.66.0-10.el8                      @AppStream 
boost-devel.x86_64                          1.66.0-10.el8                      @AppStream 
boost-fiber.x86_64                          1.66.0-10.el8                      @AppStream 
boost-filesystem.x86_64                     1.66.0-10.el8                      @AppStream 
boost-graph.x86_64                          1.66.0-10.el8                      @AppStream 
boost-iostreams.x86_64                      1.66.0-10.el8                      @AppStream 
boost-locale.x86_64                         1.66.0-10.el8                      @AppStream 
boost-log.x86_64                            1.66.0-10.el8                      @AppStream 
boost-math.x86_64                           1.66.0-10.el8                      @AppStream 
boost-program-options.x86_64                1.66.0-10.el8                      @AppStream 
boost-random.x86_64                         1.66.0-10.el8                      @AppStream 
boost-regex.x86_64                          1.66.0-10.el8                      @AppStream 
boost-serialization.x86_64                  1.66.0-10.el8                      @AppStream 
boost-signals.x86_64                        1.66.0-10.el8                      @AppStream 
boost-stacktrace.x86_64                     1.66.0-10.el8                      @AppStream 
boost-system.x86_64                         1.66.0-10.el8                      @AppStream 
boost-test.x86_64                           1.66.0-10.el8                      @AppStream 
boost-thread.x86_64                         1.66.0-10.el8                      @AppStream 
boost-timer.x86_64                          1.66.0-10.el8                      @AppStream 
boost-type_erasure.x86_64                   1.66.0-10.el8                      @AppStream 
boost-wave.x86_64                           1.66.0-10.el8                      @AppStream 
bpftool.x86_64                              4.18.0-193.el8                     @anaconda  
brotli.x86_64                               1.0.6-1.el8                        @anaconda  
byacc.x86_64                                1.9.20170709-4.el8                 @AppStream 
bzip2.x86_64                                1.0.6-26.el8                       @anaconda  
bzip2-libs.x86_64                           1.0.6-26.el8                       @anaconda  
c-ares.x86_64                               1.13.0-5.el8                       @anaconda  
ca-certificates.noarch                      2019.2.32-80.0.el8_1               @anaconda  
cairo.x86_64                                1.15.12-3.el8                      @AppStream 
centos-gpg-keys.noarch                      8.2-2.2004.0.1.el8                 @anaconda  
centos-logos.x86_64                         80.5-2.el8                         @anaconda  
centos-release.x86_64                       8.2-2.2004.0.1.el8                 @anaconda  
centos-repos.x86_64                         8.2-2.2004.0.1.el8                 @anaconda  
chkconfig.x86_64                            1.11-1.el8                         @anaconda  
chrony.x86_64                               3.5-1.el8                          @anaconda  
cifs-utils.x86_64                           6.8-3.el8                          @anaconda  
cockpit.x86_64                              211.3-1.el8                        @anaconda  
cockpit-bridge.x86_64                       211.3-1.el8                        @anaconda  
cockpit-system.noarch                       211.3-1.el8                        @anaconda  
cockpit-ws.x86_64                           211.3-1.el8                        @anaconda  
compat-lua.x86_64                           5.1.5-15.el8                       @epel      
compat-lua-libs.x86_64                      5.1.5-15.el8                       @epel      
copy-jdk-configs.noarch                     4.0-2.el8                          @AppStream 
coreutils.x86_64                            8.30-6.el8_1.1                     @anaconda  
coreutils-common.x86_64                     8.30-6.el8_1.1                     @anaconda  
cpio.x86_64                                 2.12-8.el8                         @anaconda  
cpp.x86_64                                  8.5.0-4.el8_5                      @AppStream 
cpulimit.x86_64                             1:0.2-13.20151118gitf4d2682.el8    @epel      
cracklib.x86_64                             2.9.6-15.el8                       @anaconda  
cracklib-dicts.x86_64                       2.9.6-15.el8                       @anaconda  
cronie.x86_64                               1.5.2-4.el8                        @anaconda  
cronie-anacron.x86_64                       1.5.2-4.el8                        @anaconda  
crontabs.noarch                             1.11-16.20150630git.el8            @anaconda  
crypto-policies.noarch                      20191128-2.git23e1bf1.el8          @anaconda  
cryptsetup.x86_64                           2.2.2-1.el8                        @anaconda  
cryptsetup-libs.x86_64                      2.2.2-1.el8                        @anaconda  
ctags.x86_64                                5.8-22.el8                         @AppStream 
cups-libs.x86_64                            1:2.2.6-33.el8                     @anaconda  
curl.x86_64                                 7.61.1-12.el8                      @anaconda  
cyrus-sasl-gssapi.x86_64                    2.1.27-1.el8                       @anaconda  
cyrus-sasl-lib.x86_64                       2.1.27-1.el8                       @anaconda  
cyrus-sasl-plain.x86_64                     2.1.27-1.el8                       @anaconda  
dbus.x86_64                                 1:1.12.8-9.el8                     @anaconda  
dbus-common.noarch                          1:1.12.8-9.el8                     @anaconda  
dbus-daemon.x86_64                          1:1.12.8-9.el8                     @anaconda  
dbus-glib.x86_64                            0.110-2.el8                        @anaconda  
dbus-libs.x86_64                            1:1.12.8-9.el8                     @anaconda  
dbus-tools.x86_64                           1:1.12.8-9.el8                     @anaconda  
device-mapper.x86_64                        8:1.02.169-3.el8                   @anaconda  
device-mapper-event.x86_64                  8:1.02.169-3.el8                   @anaconda  
device-mapper-event-libs.x86_64             8:1.02.169-3.el8                   @anaconda  
device-mapper-libs.x86_64                   8:1.02.169-3.el8                   @anaconda  
device-mapper-multipath.x86_64              0.8.3-3.el8                        @anaconda  
device-mapper-multipath-libs.x86_64         0.8.3-3.el8                        @anaconda  
device-mapper-persistent-data.x86_64        0.8.5-3.el8                        @anaconda  
dhcp-client.x86_64                          12:4.3.6-40.el8                    @anaconda  
dhcp-common.noarch                          12:4.3.6-40.el8                    @anaconda  
dhcp-libs.x86_64                            12:4.3.6-40.el8                    @anaconda  
diffstat.x86_64                             1.61-7.el8                         @AppStream 
diffutils.x86_64                            3.6-6.el8                          @anaconda  
dmidecode.x86_64                            1:3.2-5.el8                        @anaconda  
dnf.noarch                                  4.2.17-6.el8                       @anaconda  
dnf-data.noarch                             4.2.17-6.el8                       @anaconda  
dnf-plugins-core.noarch                     4.0.12-3.el8                       @anaconda  
docbook-dtds.noarch                         1.0-69.el8                         @AppStream 
docbook-style-xsl.noarch                    1.79.2-9.el8                       @AppStream 
dos2unix.x86_64                             7.4.0-3.el8                        @anaconda  
dosfstools.x86_64                           4.1-6.el8                          @anaconda  
dracut.x86_64                               049-70.git20200228.el8             @anaconda  
dracut-config-rescue.x86_64                 049-70.git20200228.el8             @anaconda  
dracut-network.x86_64                       049-70.git20200228.el8             @anaconda  
dracut-squash.x86_64                        049-70.git20200228.el8             @anaconda  
dwz.x86_64                                  0.12-10.el8                        @AppStream 
dyninst.x86_64                              11.0.0-3.el8                       @AppStream 
e2fsprogs.x86_64                            1.45.4-3.el8                       @anaconda  
e2fsprogs-libs.x86_64                       1.45.4-3.el8                       @anaconda  
ed.x86_64                                   1.14.2-4.el8                       @anaconda  
efi-srpm-macros.noarch                      3-3.el8                            @AppStream 
efivar-libs.x86_64                          37-4.el8                           @BaseOS    
elfutils.x86_64                             0.185-1.el8                        @BaseOS    
elfutils-debuginfod-client.x86_64           0.185-1.el8                        @BaseOS    
elfutils-debuginfod-client-devel.x86_64     0.185-1.el8                        @BaseOS    
elfutils-default-yama-scope.noarch          0.178-7.el8                        @anaconda  
elfutils-devel.x86_64                       0.185-1.el8                        @BaseOS    
elfutils-libelf.x86_64                      0.185-1.el8                        @BaseOS    
elfutils-libelf-devel.x86_64                0.185-1.el8                        @BaseOS    
elfutils-libs.x86_64                        0.185-1.el8                        @BaseOS    
elinks.x86_64                               0.12-0.58.pre6.el8                 @PowerTools
emacs-filesystem.noarch                     1:26.1-5.el8                       @BaseOS    
epel-release.noarch                         8-11.el8                           @extras    
ethtool.x86_64                              2:5.0-2.el8                        @anaconda  
expat.x86_64                                2.2.5-3.el8                        @anaconda  
fcoe-utils.x86_64                           1.0.32-7.el8                       @anaconda  
file.x86_64                                 5.33-13.el8                        @anaconda  
file-libs.x86_64                            5.33-13.el8                        @anaconda  
filesystem.x86_64                           3.8-2.el8                          @anaconda  
findutils.x86_64                            1:4.6.0-20.el8                     @anaconda  
fipscheck.x86_64                            1.5.0-4.el8                        @anaconda  
fipscheck-lib.x86_64                        1.5.0-4.el8                        @anaconda  
firewalld.noarch                            0.8.0-4.el8                        @anaconda  
firewalld-filesystem.noarch                 0.8.0-4.el8                        @anaconda  
flex.x86_64                                 2.6.1-9.el8                        @AppStream 
fontconfig.x86_64                           2.13.1-4.el8                       @BaseOS    
fontpackages-filesystem.noarch              1.44-22.el8                        @BaseOS    
freetype.x86_64                             2.9.1-4.el8                        @anaconda  
fribidi.x86_64                              1.0.4-8.el8                        @AppStream 
fuse-libs.x86_64                            2.9.7-12.el8                       @anaconda  
gawk.x86_64                                 4.2.1-1.el8                        @anaconda  
gc.x86_64                                   7.6.4-3.el8                        @AppStream 
gcc.x86_64                                  8.5.0-4.el8_5                      @AppStream 
gcc-c++.x86_64                              8.5.0-4.el8_5                      @AppStream 
gcc-gdb-plugin.x86_64                       8.5.0-4.el8_5                      @AppStream 
gd.x86_64                                   2.2.5-7.el8                        @AppStream 
gdb.x86_64                                  8.2-16.el8                         @AppStream 
gdb-headless.x86_64                         8.2-16.el8                         @AppStream 
gdbm.x86_64                                 1:1.18-1.el8                       @anaconda  
gdbm-libs.x86_64                            1:1.18-1.el8                       @anaconda  
gdk-pixbuf2.x86_64                          2.36.12-5.el8                      @BaseOS    
gdk-pixbuf2-modules.x86_64                  2.36.12-5.el8                      @AppStream 
gettext.x86_64                              0.19.8.1-17.el8                    @anaconda  
gettext-common-devel.noarch                 0.19.8.1-17.el8                    @BaseOS    
gettext-devel.x86_64                        0.19.8.1-17.el8                    @BaseOS    
gettext-libs.x86_64                         0.19.8.1-17.el8                    @anaconda  
ghc-srpm-macros.noarch                      1.4.2-7.el8                        @AppStream 
git.x86_64                                  2.27.0-1.el8                       @AppStream 
git-core.x86_64                             2.27.0-1.el8                       @AppStream 
git-core-doc.noarch                         2.27.0-1.el8                       @AppStream 
glib-networking.x86_64                      2.56.1-1.1.el8                     @anaconda  
glib2.x86_64                                2.56.4-8.el8                       @anaconda  
glibc.x86_64                                2.28-164.el8                       @BaseOS    
glibc-all-langpacks.x86_64                  2.28-164.el8                       @BaseOS    
glibc-common.x86_64                         2.28-164.el8                       @BaseOS    
glibc-devel.x86_64                          2.28-164.el8                       @BaseOS    
glibc-headers.x86_64                        2.28-164.el8                       @BaseOS    
glibc-langpack-ru.x86_64                    2.28-164.el8                       @BaseOS    
glusterfs.x86_64                            6.0-20.el8                         @anaconda  
glusterfs-client-xlators.x86_64             6.0-20.el8                         @anaconda  
glusterfs-fuse.x86_64                       6.0-20.el8                         @anaconda  
glusterfs-libs.x86_64                       6.0-20.el8                         @anaconda  
gmp.x86_64                                  1:6.1.2-10.el8                     @anaconda  
gnupg2.x86_64                               2.2.9-1.el8                        @anaconda  
gnupg2-smime.x86_64                         2.2.9-1.el8                        @anaconda  
gnutls.x86_64                               3.6.8-9.el8                        @anaconda  
go-srpm-macros.noarch                       2-17.el8                           @AppStream 
gobject-introspection.x86_64                1.56.1-1.el8                       @anaconda  
google-droid-sans-fonts.noarch              20120715-13.el8                    @AppStream 
gpgme.x86_64                                1.10.0-6.el8.0.1                   @anaconda  
gpm-libs.x86_64                             1.20.7-15.el8                      @AppStream 
graphite2.x86_64                            1.3.10-10.el8                      @AppStream 
graphviz.x86_64                             2.40.1-43.el8                      @AppStream 
grep.x86_64                                 3.1-6.el8                          @anaconda  
groff-base.x86_64                           1.22.3-18.el8                      @anaconda  
grub2-common.noarch                         1:2.02-81.el8                      @anaconda  
grub2-pc.x86_64                             1:2.02-81.el8                      @anaconda  
grub2-pc-modules.noarch                     1:2.02-81.el8                      @anaconda  
grub2-tools.x86_64                          1:2.02-81.el8                      @anaconda  
grub2-tools-extra.x86_64                    1:2.02-81.el8                      @anaconda  
grub2-tools-minimal.x86_64                  1:2.02-81.el8                      @anaconda  
grubby.x86_64                               8.40-38.el8                        @anaconda  
gsettings-desktop-schemas.x86_64            3.32.0-4.el8                       @anaconda  
gssproxy.x86_64                             0.8.0-15.el8                       @anaconda  
gtk-update-icon-cache.x86_64                3.22.30-8.el8                      @AppStream 
gtk2.x86_64                                 2.24.32-5.el8                      @AppStream 
guile.x86_64                                5:2.0.14-7.el8                     @AppStream 
gzip.x86_64                                 1.9-9.el8                          @anaconda  
hardlink.x86_64                             1:1.3-6.el8                        @anaconda  
harfbuzz.x86_64                             1.7.5-3.el8                        @AppStream 
hdparm.x86_64                               9.54-2.el8                         @anaconda  
hicolor-icon-theme.noarch                   0.17-2.el8                         @AppStream 
hostname.x86_64                             3.20-6.el8                         @anaconda  
hwdata.noarch                               0.314-8.4.el8                      @anaconda  
ima-evm-utils.x86_64                        1.3.2-12.el8                       @BaseOS    
info.x86_64                                 6.5-6.el8                          @anaconda  
initscripts.x86_64                          10.00.6-1.el8                      @anaconda  
intltool.noarch                             0.51.0-11.el8                      @AppStream 
iotop.noarch                                0.6-16.el8                         @anaconda  
ipcalc.x86_64                               0.2.4-4.el8                        @anaconda  
iproute.x86_64                              5.3.0-1.el8                        @anaconda  
iprutils.x86_64                             2.4.18.1-1.el8                     @anaconda  
ipset.x86_64                                7.1-1.el8                          @anaconda  
ipset-libs.x86_64                           7.1-1.el8                          @anaconda  
iptables.x86_64                             1.8.4-10.el8                       @anaconda  
iptables-ebtables.x86_64                    1.8.4-10.el8                       @anaconda  
iptables-libs.x86_64                        1.8.4-10.el8                       @anaconda  
iptstate.x86_64                             2.2.6-6.el8                        @anaconda  
iputils.x86_64                              20180629-2.el8                     @anaconda  
irqbalance.x86_64                           2:1.4.0-4.el8                      @anaconda  
iscsi-initiator-utils.x86_64                6.2.0.878-4.gitd791ce0.el8         @anaconda  
iscsi-initiator-utils-iscsiuio.x86_64       6.2.0.878-4.gitd791ce0.el8         @anaconda  
isl.x86_64                                  0.16.1-6.el8                       @AppStream 
isns-utils-libs.x86_64                      0.99-1.el8                         @anaconda  
iwl100-firmware.noarch                      39.31.5.1-97.el8.1                 @anaconda  
iwl1000-firmware.noarch                     1:39.31.5.1-97.el8.1               @anaconda  
iwl105-firmware.noarch                      18.168.6.1-97.el8.1                @anaconda  
iwl135-firmware.noarch                      18.168.6.1-97.el8.1                @anaconda  
iwl2000-firmware.noarch                     18.168.6.1-97.el8.1                @anaconda  
iwl2030-firmware.noarch                     18.168.6.1-97.el8.1                @anaconda  
iwl3160-firmware.noarch                     1:25.30.13.0-97.el8.1              @anaconda  
iwl3945-firmware.noarch                     15.32.2.9-97.el8.1                 @anaconda  
iwl4965-firmware.noarch                     228.61.2.24-97.el8.1               @anaconda  
iwl5000-firmware.noarch                     8.83.5.1_1-97.el8.1                @anaconda  
iwl5150-firmware.noarch                     8.24.2.2-97.el8.1                  @anaconda  
iwl6000-firmware.noarch                     9.221.4.1-97.el8.1                 @anaconda  
iwl6000g2a-firmware.noarch                  18.168.6.1-97.el8.1                @anaconda  
iwl6000g2b-firmware.noarch                  18.168.6.1-97.el8.1                @anaconda  
iwl6050-firmware.noarch                     41.28.5.1-97.el8.1                 @anaconda  
iwl7260-firmware.noarch                     1:25.30.13.0-97.el8.1              @anaconda  
jansson.x86_64                              2.11-3.el8                         @anaconda  
jasper-libs.x86_64                          2.0.14-5.el8                       @AppStream 
java-1.8.0-openjdk-headless.x86_64          1:1.8.0.312.b07-2.el8_5            @AppStream 
javapackages-filesystem.noarch              5.3.0-1.module_el8.0.0+11+5b8c10bd @AppStream 
jbig2dec-libs.x86_64                        0.16-1.el8                         @AppStream 
jbigkit-libs.x86_64                         2.1-14.el8                         @AppStream 
jimtcl.x86_64                               0.77-5.el8                         @anaconda  
jna.x86_64                                  4.5.1-5.el8                        @AppStream 
json-c.x86_64                               0.13.1-0.2.el8                     @anaconda  
json-glib.x86_64                            1.4.4-1.el8                        @anaconda  
kbd.x86_64                                  2.0.4-8.el8                        @anaconda  
kbd-legacy.noarch                           2.0.4-8.el8                        @anaconda  
kbd-misc.noarch                             2.0.4-8.el8                        @anaconda  
kernel.x86_64                               4.18.0-193.el8                     @anaconda  
kernel-core.x86_64                          4.18.0-193.el8                     @anaconda  
kernel-devel.x86_64                         4.18.0-348.7.1.el8_5               @BaseOS    
kernel-headers.x86_64                       4.18.0-348.7.1.el8_5               @BaseOS    
kernel-modules.x86_64                       4.18.0-193.el8                     @anaconda  
kernel-tools.x86_64                         4.18.0-193.el8                     @anaconda  
kernel-tools-libs.x86_64                    4.18.0-193.el8                     @anaconda  
kexec-tools.x86_64                          2.0.20-14.el8                      @anaconda  
keyutils.x86_64                             1.5.10-6.el8                       @anaconda  
keyutils-libs.x86_64                        1.5.10-6.el8                       @anaconda  
kmod.x86_64                                 25-16.el8                          @anaconda  
kmod-kvdo.x86_64                            6.2.2.117-65.el8                   @anaconda  
kmod-libs.x86_64                            25-16.el8                          @anaconda  
kpartx.x86_64                               0.8.3-3.el8                        @anaconda  
kpatch.noarch                               0.6.1-6.el8                        @anaconda  
krb5-libs.x86_64                            1.17-18.el8                        @anaconda  
lcms2.x86_64                                2.9-2.el8                          @AppStream 
ledmon.x86_64                               0.93-1.el8                         @anaconda  
less.x86_64                                 530-1.el8                          @anaconda  
libICE.x86_64                               1.0.9-15.el8                       @AppStream 
libSM.x86_64                                1.2.3-1.el8                        @AppStream 
libX11.x86_64                               1.6.8-5.el8                        @AppStream 
libX11-common.noarch                        1.6.8-5.el8                        @AppStream 
libXau.x86_64                               1.0.9-3.el8                        @AppStream 
libXaw.x86_64                               1.0.13-10.el8                      @AppStream 
libXcomposite.x86_64                        0.4.4-14.el8                       @AppStream 
libXcursor.x86_64                           1.1.15-3.el8                       @AppStream 
libXdamage.x86_64                           1.1.4-14.el8                       @AppStream 
libXext.x86_64                              1.3.4-1.el8                        @AppStream 
libXfixes.x86_64                            5.0.3-7.el8                        @AppStream 
libXft.x86_64                               2.3.3-1.el8                        @AppStream 
libXi.x86_64                                1.7.10-1.el8                       @AppStream 
libXinerama.x86_64                          1.1.4-1.el8                        @AppStream 
libXmu.x86_64                               1.1.3-1.el8                        @AppStream 
libXpm.x86_64                               3.5.12-8.el8                       @AppStream 
libXrandr.x86_64                            1.5.2-1.el8                        @AppStream 
libXrender.x86_64                           0.9.10-7.el8                       @AppStream 
libXt.x86_64                                1.1.5-12.el8                       @AppStream 
libXxf86misc.x86_64                         1.0.4-1.el8                        @AppStream 
libXxf86vm.x86_64                           1.1.4-9.el8                        @AppStream 
libacl.x86_64                               2.2.53-1.el8                       @anaconda  
libaio.x86_64                               0.3.112-1.el8                      @anaconda  
libarchive.x86_64                           3.3.2-8.el8_1                      @anaconda  
libassuan.x86_64                            2.5.1-3.el8                        @anaconda  
libatomic_ops.x86_64                        7.6.2-3.el8                        @AppStream 
libattr.x86_64                              2.4.48-3.el8                       @anaconda  
libbabeltrace.x86_64                        1.5.4-3.el8                        @BaseOS    
libbasicobjects.x86_64                      0.1.1-39.el8                       @anaconda  
libblkid.x86_64                             2.32.1-22.el8                      @anaconda  
libbpf.x86_64                               0.0.4-5.el8                        @anaconda  
libcap.x86_64                               2.26-3.el8                         @anaconda  
libcap-ng.x86_64                            0.7.9-5.el8                        @anaconda  
libcollection.x86_64                        0.7.0-39.el8                       @anaconda  
libcom_err.x86_64                           1.45.4-3.el8                       @anaconda  
libcomps.x86_64                             0.1.11-4.el8                       @anaconda  
libconfig.x86_64                            1.5-9.el8                          @anaconda  
libcroco.x86_64                             0.6.12-4.el8                       @anaconda  
libcurl.x86_64                              7.61.1-12.el8                      @anaconda  
libdaemon.x86_64                            0.14-15.el8                        @anaconda  
libdatrie.x86_64                            0.2.9-7.el8                        @AppStream 
libdb.x86_64                                5.3.28-37.el8                      @anaconda  
libdb-utils.x86_64                          5.3.28-37.el8                      @anaconda  
libdhash.x86_64                             0.5.0-39.el8                       @anaconda  
libdnf.x86_64                               0.39.1-5.el8                       @anaconda  
libedit.x86_64                              3.1-23.20170329cvs.el8             @anaconda  
libertas-usb8388-firmware.noarch            2:20191202-97.gite8a0f4c9.el8      @anaconda  
libevent.x86_64                             2.1.8-5.el8                        @anaconda  
libfdisk.x86_64                             2.32.1-22.el8                      @anaconda  
libffi.x86_64                               3.1-21.el8                         @anaconda  
libfontenc.x86_64                           1.1.3-8.el8                        @AppStream 
libgcc.x86_64                               8.5.0-4.el8_5                      @BaseOS    
libgcrypt.x86_64                            1.8.3-4.el8                        @anaconda  
libgomp.x86_64                              8.5.0-4.el8_5                      @BaseOS    
libgpg-error.x86_64                         1.31-1.el8                         @anaconda  
libgs.x86_64                                9.27-1.el8                         @AppStream 
libgudev.x86_64                             232-4.el8                          @anaconda  
libicu.x86_64                               60.3-2.el8_1                       @BaseOS    
libicu-devel.x86_64                         60.3-2.el8_1                       @BaseOS    
libidn.x86_64                               1.34-5.el8                         @AppStream 
libidn2.x86_64                              2.2.0-1.el8                        @anaconda  
libijs.x86_64                               0.35-5.el8                         @AppStream 
libini_config.x86_64                        1.3.1-39.el8                       @anaconda  
libipa_hbac.x86_64                          2.2.3-20.el8                       @anaconda  
libipt.x86_64                               1.6.1-8.el8                        @AppStream 
libjpeg-turbo.x86_64                        1.5.3-12.el8                       @AppStream 
libkcapi.x86_64                             1.1.1-16_1.el8                     @anaconda  
libkcapi-hmaccalc.x86_64                    1.1.1-16_1.el8                     @anaconda  
libksba.x86_64                              1.3.5-7.el8                        @anaconda  
libldb.x86_64                               2.0.7-3.el8                        @anaconda  
libmbim.x86_64                              1.20.2-1.el8                       @anaconda  
libmbim-utils.x86_64                        1.20.2-1.el8                       @anaconda  
libmcpp.x86_64                              2.7.2-20.el8                       @AppStream 
libmetalink.x86_64                          0.1.3-7.el8                        @anaconda  
libmnl.x86_64                               1.0.4-6.el8                        @anaconda  
libmodman.x86_64                            2.0.1-17.el8                       @anaconda  
libmodulemd1.x86_64                         1.8.16-0.2.8.2.1                   @anaconda  
libmount.x86_64                             2.32.1-22.el8                      @anaconda  
libmpc.x86_64                               1.1.0-9.1.el8                      @AppStream 
libndp.x86_64                               1.7-3.el8                          @anaconda  
libnetfilter_conntrack.x86_64               1.0.6-5.el8                        @anaconda  
libnfnetlink.x86_64                         1.0.1-13.el8                       @anaconda  
libnfsidmap.x86_64                          1:2.3.3-31.el8                     @anaconda  
libnftnl.x86_64                             1.1.5-4.el8                        @anaconda  
libnghttp2.x86_64                           1.33.0-1.el8_0.1                   @anaconda  
libnl3.x86_64                               3.5.0-1.el8                        @anaconda  
libnl3-cli.x86_64                           3.5.0-1.el8                        @anaconda  
libnsl2.x86_64                              1.2.0-2.20180605git4a062cf.el8     @anaconda  
libpaper.x86_64                             1.1.24-22.el8                      @AppStream 
libpath_utils.x86_64                        0.2.1-39.el8                       @anaconda  
libpcap.x86_64                              14:1.9.0-3.el8                     @anaconda  
libpciaccess.x86_64                         0.14-1.el8                         @anaconda  
libpipeline.x86_64                          1.5.0-2.el8                        @anaconda  
libpkgconf.x86_64                           1.4.2-1.el8                        @anaconda  
libpng.x86_64                               2:1.6.34-5.el8                     @anaconda  
libproxy.x86_64                             0.4.15-5.2.el8                     @anaconda  
libpsl.x86_64                               0.20.2-5.el8                       @anaconda  
libpwquality.x86_64                         1.4.0-9.el8                        @anaconda  
libqmi.x86_64                               1.24.0-1.el8                       @anaconda  
libqmi-utils.x86_64                         1.24.0-1.el8                       @anaconda  
libquadmath.x86_64                          8.5.0-4.el8_5                      @BaseOS    
libquadmath-devel.x86_64                    8.5.0-4.el8_5                      @AppStream 
libref_array.x86_64                         0.1.5-39.el8                       @anaconda  
librepo.x86_64                              1.11.0-2.el8                       @anaconda  
libreport-filesystem.x86_64                 2.9.5-10.el8                       @anaconda  
librsvg2.x86_64                             2.42.7-4.el8                       @AppStream 
libseccomp.x86_64                           2.4.1-1.el8                        @anaconda  
libselinux.x86_64                           2.9-3.el8                          @anaconda  
libselinux-utils.x86_64                     2.9-3.el8                          @anaconda  
libsemanage.x86_64                          2.9-2.el8                          @anaconda  
libsepol.x86_64                             2.9-1.el8                          @anaconda  
libsigsegv.x86_64                           2.11-5.el8                         @anaconda  
libsmartcols.x86_64                         2.32.1-22.el8                      @anaconda  
libsmbclient.x86_64                         4.11.2-13.el8                      @anaconda  
libsolv.x86_64                              0.7.7-1.el8                        @anaconda  
libss.x86_64                                1.45.4-3.el8                       @anaconda  
libssh.x86_64                               0.9.0-4.el8                        @anaconda  
libssh-config.noarch                        0.9.0-4.el8                        @anaconda  
libsss_autofs.x86_64                        2.2.3-20.el8                       @anaconda  
libsss_certmap.x86_64                       2.2.3-20.el8                       @anaconda  
libsss_idmap.x86_64                         2.2.3-20.el8                       @anaconda  
libsss_nss_idmap.x86_64                     2.2.3-20.el8                       @anaconda  
libsss_sudo.x86_64                          2.2.3-20.el8                       @anaconda  
libstdc++.x86_64                            8.5.0-4.el8_5                      @BaseOS    
libstdc++-devel.x86_64                      8.5.0-4.el8_5                      @AppStream 
libstoragemgmt.x86_64                       1.8.3-1.el8                        @anaconda  
libsysfs.x86_64                             2.1.0-24.el8                       @anaconda  
libtalloc.x86_64                            2.2.0-7.el8                        @anaconda  
libtasn1.x86_64                             4.13-3.el8                         @anaconda  
libtdb.x86_64                               1.4.2-2.el8                        @anaconda  
libteam.x86_64                              1.29-1.el8                         @anaconda  
libtevent.x86_64                            0.10.0-2.el8                       @anaconda  
libthai.x86_64                              0.1.27-2.el8                       @AppStream 
libtiff.x86_64                              4.0.9-20.el8                       @AppStream 
libtirpc.x86_64                             1.1.4-4.el8                        @anaconda  
libtool.x86_64                              2.4.6-25.el8                       @AppStream 
libtool-ltdl.x86_64                         2.4.6-25.el8                       @BaseOS    
libunistring.x86_64                         0.9.9-3.el8                        @anaconda  
libusbx.x86_64                              1.0.22-1.el8                       @anaconda  
libuser.x86_64                              0.62-23.el8                        @anaconda  
libutempter.x86_64                          1.1.6-14.el8                       @anaconda  
libuuid.x86_64                              2.32.1-22.el8                      @anaconda  
libverto.x86_64                             0.3.0-5.el8                        @anaconda  
libverto-libevent.x86_64                    0.3.0-5.el8                        @anaconda  
libwbclient.x86_64                          4.11.2-13.el8                      @anaconda  
libwebp.x86_64                              1.0.0-5.el8                        @AppStream 
libxcb.x86_64                               1.13.1-1.el8                       @AppStream 
libxcrypt.x86_64                            4.1.1-6.el8                        @BaseOS    
libxcrypt-devel.x86_64                      4.1.1-6.el8                        @BaseOS    
libxml2.x86_64                              2.9.7-7.el8                        @anaconda  
libxslt.x86_64                              1.1.32-6.el8                       @BaseOS    
libyaml.x86_64                              0.1.7-5.el8                        @anaconda  
libzstd.x86_64                              1.4.4-1.el8                        @BaseOS    
libzstd-devel.x86_64                        1.4.4-1.el8                        @BaseOS    
linux-firmware.noarch                       20191202-97.gite8a0f4c9.el8        @anaconda  
lksctp-tools.x86_64                         1.0.18-3.el8                       @BaseOS    
lldpad.x86_64                               1.0.1-13.git036e314.el8            @anaconda  
logrotate.x86_64                            3.14.0-3.el8                       @anaconda  
lshw.x86_64                                 B.02.18-23.el8                     @anaconda  
lsof.x86_64                                 4.91-2.el8                         @anaconda  
lsscsi.x86_64                               0.30-1.el8                         @anaconda  
ltrace.x86_64                               0.7.91-28.el8                      @AppStream 
lua-libs.x86_64                             5.3.4-11.el8                       @anaconda  
lvm2.x86_64                                 8:2.03.08-3.el8                    @anaconda  
lvm2-libs.x86_64                            8:2.03.08-3.el8                    @anaconda  
lz4-libs.x86_64                             1.8.1.2-4.el8                      @anaconda  
lzo.x86_64                                  2.08-14.el8                        @anaconda  
m4.x86_64                                   1.4.18-7.el8                       @BaseOS    
mailcap.noarch                              2.1.48-3.el8                       @anaconda  
make.x86_64                                 1:4.2.1-10.el8                     @BaseOS    
man-db.x86_64                               2.7.6.1-17.el8                     @anaconda  
man-pages.x86_64                            4.15-6.el8                         @anaconda  
mc.x86_64                                   1:4.8.19-9.el8                     @AppStream 
mcelog.x86_64                               3:165-0.el8                        @anaconda  
mcpp.x86_64                                 2.7.2-20.el8                       @AppStream 
mdadm.x86_64                                4.1-13.el8                         @anaconda  
microcode_ctl.x86_64                        4:20191115-4.el8                   @anaconda  
mlocate.x86_64                              0.26-20.el8                        @anaconda  
mokutil.x86_64                              1:0.3.0-11.el8                     @BaseOS    
mozjs60.x86_64                              60.9.0-4.el8                       @anaconda  
mpfr.x86_64                                 3.1.6-1.el8                        @anaconda  
mtr.x86_64                                  2:0.92-3.el8                       @anaconda  
nano.x86_64                                 2.9.8-1.el8                        @anaconda  
ncurses.x86_64                              6.1-9.20180224.el8                 @BaseOS    
ncurses-base.noarch                         6.1-9.20180224.el8                 @BaseOS    
ncurses-c++-libs.x86_64                     6.1-9.20180224.el8                 @BaseOS    
ncurses-devel.x86_64                        6.1-9.20180224.el8                 @BaseOS    
ncurses-libs.x86_64                         6.1-9.20180224.el8                 @BaseOS    
net-tools.x86_64                            2.0-0.51.20160912git.el8           @anaconda  
nettle.x86_64                               3.4.1-1.el8                        @anaconda  
newt.x86_64                                 0.52.20-11.el8                     @anaconda  
nfs-utils.x86_64                            1:2.3.3-31.el8                     @anaconda  
nfs4-acl-tools.x86_64                       0.3.5-3.el8                        @anaconda  
nftables.x86_64                             1:0.9.3-12.el8                     @anaconda  
npth.x86_64                                 1.5-4.el8                          @anaconda  
nspr.x86_64                                 4.32.0-1.el8_4                     @AppStream 
nss.x86_64                                  3.67.0-7.el8_5                     @AppStream 
nss-softokn.x86_64                          3.67.0-7.el8_5                     @AppStream 
nss-softokn-freebl.x86_64                   3.67.0-7.el8_5                     @AppStream 
nss-sysinit.x86_64                          3.67.0-7.el8_5                     @AppStream 
nss-tools.x86_64                            3.67.0-7.el8_5                     @AppStream 
nss-util.x86_64                             3.67.0-7.el8_5                     @AppStream 
numactl-libs.x86_64                         2.0.12-9.el8                       @anaconda  
ocaml-srpm-macros.noarch                    5-4.el8                            @AppStream 
openblas-srpm-macros.noarch                 2-2.el8                            @AppStream 
openjpeg2.x86_64                            2.4.0-4.el8                        @AppStream 
openldap.x86_64                             2.4.46-11.el8_1                    @anaconda  
openldap-clients.x86_64                     2.4.46-11.el8_1                    @anaconda  
openssh.x86_64                              8.0p1-4.el8_1                      @anaconda  
openssh-clients.x86_64                      8.0p1-4.el8_1                      @anaconda  
openssh-server.x86_64                       8.0p1-4.el8_1                      @anaconda  
openssl.x86_64                              1:1.1.1c-15.el8                    @anaconda  
openssl-libs.x86_64                         1:1.1.1c-15.el8                    @anaconda  
openssl-pkcs11.x86_64                       0.4.10-2.el8                       @anaconda  
os-prober.x86_64                            1.74-6.el8                         @anaconda  
p11-kit.x86_64                              0.23.14-5.el8_0                    @anaconda  
p11-kit-trust.x86_64                        0.23.14-5.el8_0                    @anaconda  
pam.x86_64                                  1.3.1-8.el8                        @anaconda  
pango.x86_64                                1.42.4-8.el8                       @AppStream 
parted.x86_64                               3.2-38.el8                         @anaconda  
passwd.x86_64                               0.80-3.el8                         @anaconda  
patch.x86_64                                2.7.6-11.el8                       @BaseOS    
patchutils.x86_64                           0.3.4-10.el8                       @AppStream 
pciutils.x86_64                             3.5.6-4.el8                        @anaconda  
pciutils-libs.x86_64                        3.5.6-4.el8                        @anaconda  
pcre.x86_64                                 8.42-4.el8                         @anaconda  
pcre2.x86_64                                10.32-1.el8                        @anaconda  
perf.x86_64                                 4.18.0-193.el8                     @anaconda  
perl-Carp.noarch                            1.42-396.el8                       @anaconda  
perl-DBD-SQLite.x86_64                      1.58-2.el8                         @anaconda  
perl-DBI.x86_64                             1.641-1.el8                        @anaconda  
perl-Data-Dumper.x86_64                     2.167-399.el8                      @anaconda  
perl-Encode.x86_64                          4:2.97-3.el8                       @anaconda  
perl-Errno.x86_64                           1.28-416.el8                       @anaconda  
perl-Error.noarch                           1:0.17025-2.el8                    @AppStream 
perl-Exporter.noarch                        5.72-396.el8                       @anaconda  
perl-Fedora-VSP.noarch                      0.001-9.el8                        @AppStream 
perl-File-Path.noarch                       2.15-2.el8                         @anaconda  
perl-File-Temp.noarch                       0.230.600-1.el8                    @anaconda  
perl-Getopt-Long.noarch                     1:2.50-4.el8                       @anaconda  
perl-Git.noarch                             2.27.0-1.el8                       @AppStream 
perl-HTTP-Tiny.noarch                       0.074-1.el8                        @anaconda  
perl-IO.x86_64                              1.38-416.el8                       @anaconda  
perl-MIME-Base64.x86_64                     3.15-396.el8                       @anaconda  
perl-Math-BigInt.noarch                     1:1.9998.11-7.el8                  @anaconda  
perl-Math-Complex.noarch                    1.59-416.el8                       @anaconda  
perl-PathTools.x86_64                       3.74-1.el8                         @anaconda  
perl-Pod-Escapes.noarch                     1:1.07-395.el8                     @anaconda  
perl-Pod-Perldoc.noarch                     3.28-396.el8                       @anaconda  
perl-Pod-Simple.noarch                      1:3.35-395.el8                     @anaconda  
perl-Pod-Usage.noarch                       4:1.69-395.el8                     @anaconda  
perl-Scalar-List-Utils.x86_64               3:1.49-2.el8                       @anaconda  
perl-Socket.x86_64                          4:2.027-3.el8                      @anaconda  
perl-Storable.x86_64                        1:3.11-3.el8                       @anaconda  
perl-Sys-Syslog.x86_64                      0.35-397.el8                       @AppStream 
perl-Term-ANSIColor.noarch                  4.06-396.el8                       @anaconda  
perl-Term-Cap.noarch                        1.17-395.el8                       @anaconda  
perl-TermReadKey.x86_64                     2.37-7.el8                         @AppStream 
perl-Text-ParseWords.noarch                 3.30-395.el8                       @anaconda  
perl-Text-Tabs+Wrap.noarch                  2013.0523-395.el8                  @anaconda  
perl-Thread-Queue.noarch                    3.13-1.el8                         @AppStream 
perl-Time-Local.noarch                      1:1.280-1.el8                      @anaconda  
perl-Unicode-Normalize.x86_64               1.25-396.el8                       @anaconda  
perl-XML-Parser.x86_64                      2.44-11.el8                        @AppStream 
perl-constant.noarch                        1.33-396.el8                       @anaconda  
perl-generators.noarch                      1.10-9.el8                         @AppStream 
perl-interpreter.x86_64                     4:5.26.3-416.el8                   @anaconda  
perl-libs.x86_64                            4:5.26.3-416.el8                   @anaconda  
perl-macros.x86_64                          4:5.26.3-416.el8                   @anaconda  
perl-parent.noarch                          1:0.237-1.el8                      @anaconda  
perl-podlators.noarch                       4.11-1.el8                         @anaconda  
perl-srpm-macros.noarch                     1-25.el8                           @AppStream 
perl-threads.x86_64                         1:2.21-2.el8                       @anaconda  
perl-threads-shared.x86_64                  1.58-2.el8                         @anaconda  
pesign.x86_64                               0.112-25.el8                       @AppStream 
pigz.x86_64                                 2.4-4.el8                          @anaconda  
pixman.x86_64                               0.38.4-1.el8                       @AppStream 
pkgconf.x86_64                              1.4.2-1.el8                        @anaconda  
pkgconf-m4.noarch                           1.4.2-1.el8                        @anaconda  
pkgconf-pkg-config.x86_64                   1.4.2-1.el8                        @anaconda  
platform-python.x86_64                      3.6.8-23.el8                       @anaconda  
platform-python-pip.noarch                  9.0.3-16.el8                       @anaconda  
platform-python-setuptools.noarch           39.2.0-5.el8                       @anaconda  
policycoreutils.x86_64                      2.9-9.el8                          @anaconda  
polkit.x86_64                               0.115-11.el8                       @anaconda  
polkit-libs.x86_64                          0.115-11.el8                       @anaconda  
polkit-pkla-compat.x86_64                   0.1-12.el8                         @anaconda  
popt.x86_64                                 1.16-14.el8                        @anaconda  
prefixdevname.x86_64                        0.1.0-6.el8                        @anaconda  
procps-ng.x86_64                            3.3.15-1.el8                       @anaconda  
psacct.x86_64                               6.6.3-4.el8                        @anaconda  
psmisc.x86_64                               23.1-4.el8                         @anaconda  
publicsuffix-list-dafsa.noarch              20180723-1.el8                     @anaconda  
python-rpm-macros.noarch                    3-41.el8                           @AppStream 
python-srpm-macros.noarch                   3-41.el8                           @AppStream 
python3-configobj.noarch                    5.0.6-11.el8                       @anaconda  
python3-dateutil.noarch                     1:2.6.1-6.el8                      @anaconda  
python3-dbus.x86_64                         1.2.4-15.el8                       @anaconda  
python3-decorator.noarch                    4.2.1-2.el8                        @anaconda  
python3-dmidecode.x86_64                    3.12.2-15.el8                      @anaconda  
python3-dnf.noarch                          4.2.17-6.el8                       @anaconda  
python3-dnf-plugins-core.noarch             4.0.12-3.el8                       @anaconda  
python3-firewall.noarch                     0.8.0-4.el8                        @anaconda  
python3-gobject-base.x86_64                 3.28.3-1.el8                       @anaconda  
python3-gpg.x86_64                          1.10.0-6.el8.0.1                   @anaconda  
python3-hawkey.x86_64                       0.39.1-5.el8                       @anaconda  
python3-libcomps.x86_64                     0.1.11-4.el8                       @anaconda  
python3-libdnf.x86_64                       0.39.1-5.el8                       @anaconda  
python3-libs.x86_64                         3.6.8-23.el8                       @anaconda  
python3-libselinux.x86_64                   2.9-3.el8                          @anaconda  
python3-libstoragemgmt.noarch               1.8.3-1.el8                        @anaconda  
python3-libstoragemgmt-clibs.x86_64         1.8.3-1.el8                        @anaconda  
python3-libxml2.x86_64                      2.9.7-7.el8                        @anaconda  
python3-linux-procfs.noarch                 0.6-7.el8                          @anaconda  
python3-nftables.x86_64                     1:0.9.3-12.el8                     @anaconda  
python3-perf.x86_64                         4.18.0-193.el8                     @anaconda  
python3-pip-wheel.noarch                    9.0.3-16.el8                       @anaconda  
python3-pyudev.noarch                       0.21.0-7.el8                       @anaconda  
python3-pyyaml.x86_64                       3.12-12.el8                        @anaconda  
python3-rpm.x86_64                          4.14.3-19.el8                      @BaseOS    
python3-rpm-macros.noarch                   3-41.el8                           @AppStream 
python3-schedutils.x86_64                   0.6-6.el8                          @anaconda  
python3-setuptools-wheel.noarch             39.2.0-5.el8                       @anaconda  
python3-six.noarch                          1.11.0-8.el8                       @anaconda  
python3-slip.noarch                         0.6.4-11.el8                       @anaconda  
python3-slip-dbus.noarch                    0.6.4-11.el8                       @anaconda  
python3-sssdconfig.noarch                   2.2.3-20.el8                       @anaconda  
python3-syspurpose.x86_64                   1.26.16-1.el8.0.1                  @anaconda  
qt5-srpm-macros.noarch                      5.15.2-1.el8                       @AppStream 
quota.x86_64                                1:4.04-10.el8                      @anaconda  
quota-nls.noarch                            1:4.04-10.el8                      @anaconda  
rasdaemon.x86_64                            0.6.1-3.el8                        @anaconda  
readline.x86_64                             7.0-10.el8                         @anaconda  
realmd.x86_64                               0.16.3-18.el8                      @anaconda  
redhat-rpm-config.noarch                    125-1.el8                          @AppStream 
rng-tools.x86_64                            6.8-3.el8                          @anaconda  
rootfiles.noarch                            8.1-22.el8                         @anaconda  
rpcbind.x86_64                              1.2.5-7.el8                        @anaconda  
rpm.x86_64                                  4.14.3-19.el8                      @BaseOS    
rpm-build.x86_64                            4.14.3-19.el8                      @AppStream 
rpm-build-libs.x86_64                       4.14.3-19.el8                      @BaseOS    
rpm-libs.x86_64                             4.14.3-19.el8                      @BaseOS    
rpm-plugin-selinux.x86_64                   4.14.3-19.el8                      @BaseOS    
rpm-plugin-systemd-inhibit.x86_64           4.14.3-19.el8                      @BaseOS    
rpm-sign.x86_64                             4.14.3-19.el8                      @BaseOS    
rsync.x86_64                                3.1.3-7.el8                        @anaconda  
rust-srpm-macros.noarch                     5-2.el8                            @AppStream 
samba.x86_64                                4.11.2-13.el8                      @anaconda  
samba-client.x86_64                         4.11.2-13.el8                      @anaconda  
samba-client-libs.x86_64                    4.11.2-13.el8                      @anaconda  
samba-common.noarch                         4.11.2-13.el8                      @anaconda  
samba-common-libs.x86_64                    4.11.2-13.el8                      @anaconda  
samba-common-tools.x86_64                   4.11.2-13.el8                      @anaconda  
samba-libs.x86_64                           4.11.2-13.el8                      @anaconda  
sed.x86_64                                  4.5-1.el8                          @anaconda  
selinux-policy.noarch                       3.14.3-41.el8                      @anaconda  
selinux-policy-targeted.noarch              3.14.3-41.el8                      @anaconda  
setserial.x86_64                            2.17-45.el8                        @anaconda  
setup.noarch                                2.12.2-5.el8                       @anaconda  
sg3_utils.x86_64                            1.44-5.el8                         @anaconda  
sg3_utils-libs.x86_64                       1.44-5.el8                         @anaconda  
sgml-common.noarch                          0.6.3-50.el8                       @BaseOS    
shadow-utils.x86_64                         2:4.6-8.el8                        @anaconda  
shared-mime-info.x86_64                     1.9-3.el8                          @anaconda  
slang.x86_64                                2.3.2-3.el8                        @anaconda  
smartmontools.x86_64                        1:6.6-3.el8                        @anaconda  
snappy.x86_64                               1.1.7-5.el8                        @anaconda  
sos.noarch                                  3.8-2.el8                          @anaconda  
source-highlight.x86_64                     3.1.8-17.el8                       @AppStream 
sqlite.x86_64                               3.26.0-6.el8                       @anaconda  
sqlite-libs.x86_64                          3.26.0-6.el8                       @anaconda  
squashfs-tools.x86_64                       4.3-19.el8                         @anaconda  
sssd.x86_64                                 2.2.3-20.el8                       @anaconda  
sssd-ad.x86_64                              2.2.3-20.el8                       @anaconda  
sssd-client.x86_64                          2.2.3-20.el8                       @anaconda  
sssd-common.x86_64                          2.2.3-20.el8                       @anaconda  
sssd-common-pac.x86_64                      2.2.3-20.el8                       @anaconda  
sssd-ipa.x86_64                             2.2.3-20.el8                       @anaconda  
sssd-kcm.x86_64                             2.2.3-20.el8                       @anaconda  
sssd-krb5.x86_64                            2.2.3-20.el8                       @anaconda  
sssd-krb5-common.x86_64                     2.2.3-20.el8                       @anaconda  
sssd-ldap.x86_64                            2.2.3-20.el8                       @anaconda  
sssd-nfs-idmap.x86_64                       2.2.3-20.el8                       @anaconda  
sssd-proxy.x86_64                           2.2.3-20.el8                       @anaconda  
strace.x86_64                               5.7-3.el8                          @BaseOS    
sudo.x86_64                                 1.8.29-5.el8                       @anaconda  
symlinks.x86_64                             1.4-19.el8                         @anaconda  
systemd.x86_64                              239-29.el8                         @anaconda  
systemd-libs.x86_64                         239-29.el8                         @anaconda  
systemd-pam.x86_64                          239-29.el8                         @anaconda  
systemd-udev.x86_64                         239-29.el8                         @anaconda  
systemtap.x86_64                            4.5-3.el8                          @AppStream 
systemtap-client.x86_64                     4.5-3.el8                          @AppStream 
systemtap-devel.x86_64                      4.5-3.el8                          @AppStream 
systemtap-runtime.x86_64                    4.5-3.el8                          @AppStream 
tar.x86_64                                  2:1.30-4.el8                       @anaconda  
tbb.x86_64                                  2018.2-9.el8                       @AppStream 
teamd.x86_64                                1.29-1.el8                         @anaconda  
time.x86_64                                 1.9-3.el8                          @anaconda  
timedatex.x86_64                            0.5-3.el8                          @anaconda  
tmux.x86_64                                 2.7-1.el8                          @anaconda  
tpm2-tss.x86_64                             2.3.2-4.el8                        @BaseOS    
tree.x86_64                                 1.7.0-15.el8                       @anaconda  
trousers.x86_64                             0.3.14-4.el8                       @anaconda  
trousers-lib.x86_64                         0.3.14-4.el8                       @anaconda  
tuned.noarch                                2.13.0-6.el8                       @anaconda  
tzdata.noarch                               2019c-1.el8                        @anaconda  
tzdata-java.noarch                          2021e-1.el8                        @AppStream 
unzip.x86_64                                6.0-43.el8                         @anaconda  
urw-base35-bookman-fonts.noarch             20170801-10.el8                    @AppStream 
urw-base35-c059-fonts.noarch                20170801-10.el8                    @AppStream 
urw-base35-d050000l-fonts.noarch            20170801-10.el8                    @AppStream 
urw-base35-fonts.noarch                     20170801-10.el8                    @AppStream 
urw-base35-fonts-common.noarch              20170801-10.el8                    @AppStream 
urw-base35-gothic-fonts.noarch              20170801-10.el8                    @AppStream 
urw-base35-nimbus-mono-ps-fonts.noarch      20170801-10.el8                    @AppStream 
urw-base35-nimbus-roman-fonts.noarch        20170801-10.el8                    @AppStream 
urw-base35-nimbus-sans-fonts.noarch         20170801-10.el8                    @AppStream 
urw-base35-p052-fonts.noarch                20170801-10.el8                    @AppStream 
urw-base35-standard-symbols-ps-fonts.noarch 20170801-10.el8                    @AppStream 
urw-base35-z003-fonts.noarch                20170801-10.el8                    @AppStream 
usb_modeswitch.x86_64                       2.5.2-1.el8                        @anaconda  
usb_modeswitch-data.noarch                  20191128-1.el8                     @anaconda  
usbutils.x86_64                             010-3.el8                          @anaconda  
userspace-rcu.x86_64                        0.10.1-2.el8                       @anaconda  
util-linux.x86_64                           2.32.1-22.el8                      @anaconda  
util-linux-user.x86_64                      2.32.1-22.el8                      @anaconda  
valgrind.x86_64                             1:3.17.0-5.el8                     @AppStream 
valgrind-devel.x86_64                       1:3.17.0-5.el8                     @AppStream 
vdo.x86_64                                  6.2.2.117-13.el8                   @anaconda  
vim-filesystem.noarch                       2:8.0.1763-16.el8                  @AppStream 
vim-minimal.x86_64                          2:8.0.1763-13.el8                  @anaconda  
virt-what.x86_64                            1.18-6.el8                         @anaconda  
which.x86_64                                2.21-12.el8                        @anaconda  
words.noarch                                3.0-28.el8                         @anaconda  
xdelta.x86_64                               3.1.0-4.el8                        @anaconda  
xfsdump.x86_64                              3.1.8-2.el8                        @anaconda  
xfsprogs.x86_64                             5.0.0-2.el8                        @anaconda  
xml-common.noarch                           0.6.3-50.el8                       @BaseOS    
xorg-x11-font-utils.x86_64                  1:7.5-41.el8                       @AppStream 
xorg-x11-fonts-ISO8859-1-100dpi.noarch      7.5-19.el8                         @AppStream 
xorg-x11-server-utils.x86_64                7.7-27.el8                         @AppStream 
xz.x86_64                                   5.2.4-3.el8                        @anaconda  
xz-devel.x86_64                             5.2.4-3.el8                        @BaseOS    
xz-libs.x86_64                              5.2.4-3.el8                        @anaconda  
yum.noarch                                  4.2.17-6.el8                       @anaconda  
zip.x86_64                                  3.0-23.el8                         @anaconda  
zlib.x86_64                                 1.2.11-17.el8                      @BaseOS    
zlib-devel.x86_64                           1.2.11-17.el8                      @BaseOS    
zsh.x86_64                                  5.5.1-6.el8_1.2                    @anaconda  
zstd.x86_64                                 1.4.4-1.el8                        @AppStream 
